<?xml version="1.0" encoding="UTF-8"?>
<testng-results skipped="0" failed="0" ignored="0" total="1" passed="1">
  <reporter-output>
  </reporter-output>
  <suite name="Default Suite" duration-ms="7802" started-at="2019-12-09T06:38:13Z" finished-at="2019-12-09T06:38:21Z">
    <groups>
    </groups>
    <test name="Selenium_Example" duration-ms="7802" started-at="2019-12-09T06:38:13Z" finished-at="2019-12-09T06:38:21Z">
      <class name="LoginTest">
        <test-method status="PASS" signature="verifyLoginLogout()[pri:0, instance:LoginTest@d7b1517]" name="verifyLoginLogout" duration-ms="7767" started-at="2019-12-09T06:38:13Z" finished-at="2019-12-09T06:38:21Z">
          <reporter-output>
          </reporter-output>
        </test-method> <!-- verifyLoginLogout -->
      </class> <!-- LoginTest -->
    </test> <!-- Selenium_Example -->
  </suite> <!-- Default Suite -->
</testng-results>
